正在等待锁定 D:\vcpkg\vcpkg\.vcpkg-root 上的文件系统...
正在检测三元组 x64-windows 的编译器哈希...
-- 正在将 %HTTP(S)_PROXY% 环境变量自动设置为“127.0.0.1:7897”。
已找到编译器: D:/Program Files/Microsoft Visual Studio/2022/Community/VC/Tools/MSVC/14.44.35207/bin/Hostx64/x64/cl.exe
已安装以下包:
  * fmt:x64-windows@11.2.0
  * libuv:x64-windows@1.51.0
    spdlog:x64-windows@1.15.3
  * usockets:x64-windows@0.8.8#3
    uwebsockets:x64-windows@20.74.0
  * vcpkg-cmake:x64-windows@2024-04-23
  * vcpkg-cmake-config:x64-windows@2024-05-23
The package spdlog provides CMake targets:

    find_package(spdlog CONFIG REQUIRED)
    target_link_libraries(main PRIVATE spdlog::spdlog)

    # Or use the header-only version
    find_package(spdlog CONFIG REQUIRED)
    target_link_libraries(main PRIVATE spdlog::spdlog_header_only)

uwebsockets 提供 CMake 目标:

  # 这是启发式生成的，并且可能不正确
  find_package(unofficial-uwebsockets CONFIG REQUIRED)
  target_link_libraries(main PRIVATE unofficial::uwebsockets::uwebsockets)

已在 561 us 内成功完成所有请求的安装
